

## Last commit: 2018-03-12 05:57:51 UTC by nbmt
version 12.1X47-D20.7;
system {
    host-name vSRX;
    root-authentication {
        encrypted-password "$1$2PXYNRo3$opgiSsKri4pdRx66RhWls.";
    }
    login {
        user nbmt {
            uid 2000;
            class super-user;
            authentication {
                encrypted-password "$1$NXKxdL5m$MzQfjEXH82RKK6Y8JdUex0";
            }
        }
    }
    services {
        ssh;
        telnet;
        web-management {
            http {
                interface ge-0/0/0.0;
            }
        }
    }
    syslog {
        user * {
            any emergency;
        }
        file messages {
            any any;
            authorization info;
        }
        file interactive-commands {
            interactive-commands any;
        }
    }
    license {
        autoupdate {
            url https://ae1.juniper.net/junos/key_retrieval;
        }
    }
}
interfaces {
    ge-0/0/0 {
        unit 0 {
            description Management;
            family inet {
                address 192.168.6.103/24;
            }
        }
    }
}
security {
    forwarding-options {
        family {
            inet6 {
                mode packet-based;
            }
            mpls {
                mode packet-based;
            }
            iso {
                mode packet-based;
            }
        }
    }
}

